<?xml version="1.0" encoding="UTF-8"?>
<!-- Generated by org.testng.reporters.JUnitReportReporter -->
<testsuite hostname="Vinay-PC" name="testcases.Firsttestcase" tests="1" failures="0" timestamp="27 Mar 2017 13:53:27 GMT" time="81.871" errors="0">
  <testcase name="test" time="81.871" classname="testcases.Firsttestcase"/>
</testsuite> <!-- testcases.Firsttestcase -->
